Determining if the pthread_create exist failed with the following output:
Change Dir: /home/joemelt101/catkin_ws/build/CMakeFiles/CMakeTmp

Run Build Command:/usr/bin/make "cmTryCompileExec1802865269/fast"
/usr/bin/make -f CMakeFiles/cmTryCompileExec1802865269.dir/build.make CMakeFiles/cmTryCompileExec1802865269.dir/build
make[1]: Entering directory `/home/joemelt101/catkin_ws/build/CMakeFiles/CMakeTmp'
/usr/bin/cmake -E cmake_progress_report /home/joemelt101/catkin_ws/build/CMakeFiles/CMakeTmp/CMakeFiles 1
Building C object CMakeFiles/cmTryCompileExec1802865269.dir/CheckSymbolExists.c.o
/usr/bin/cc    -o CMakeFiles/cmTryCompileExec1802865269.dir/CheckSymbolExists.c.o   -c /home/joemelt101/catkin_ws/build/CMakeFiles/CMakeTmp/CheckSymbolExists.c
Linking C executable cmTryCompileExec1802865269
/usr/bin/cmake -E cmake_link_script CMakeFiles/cmTryCompileExec1802865269.dir/link.txt --verbose=1
/usr/bin/cc       CMakeFiles/cmTryCompileExec1802865269.dir/CheckSymbolExists.c.o  -o cmTryCompileExec1802865269 -rdynamic 
CMakeFiles/cmTryCompileExec1802865269.dir/CheckSymbolExists.c.o: In function `main':
CheckSymbolExists.c:(.text+0x16): undefined reference to `pthread_create'
collect2: error: ld returned 1 exit status
make[1]: *** [cmTryCompileExec1802865269] Error 1
make[1]: Leaving directory `/home/joemelt101/catkin_ws/build/CMakeFiles/CMakeTmp'
make: *** [cmTryCompileExec1802865269/fast] Error 2

File /home/joemelt101/catkin_ws/build/CMakeFiles/CMakeTmp/CheckSymbolExists.c:
/* */
#include <pthread.h>

int main(int argc, char** argv)
{
  (void)argv;
#ifndef pthread_create
  return ((int*)(&pthread_create))[argc];
#else
  (void)argc;
  return 0;
#endif
}

Determining if the function pthread_create exists in the pthreads failed with the following output:
Change Dir: /home/joemelt101/catkin_ws/build/CMakeFiles/CMakeTmp

Run Build Command:/usr/bin/make "cmTryCompileExec4275328069/fast"
/usr/bin/make -f CMakeFiles/cmTryCompileExec4275328069.dir/build.make CMakeFiles/cmTryCompileExec4275328069.dir/build
make[1]: Entering directory `/home/joemelt101/catkin_ws/build/CMakeFiles/CMakeTmp'
/usr/bin/cmake -E cmake_progress_report /home/joemelt101/catkin_ws/build/CMakeFiles/CMakeTmp/CMakeFiles 1
Building C object CMakeFiles/cmTryCompileExec4275328069.dir/CheckFunctionExists.c.o
/usr/bin/cc   -DCHECK_FUNCTION_EXISTS=pthread_create   -o CMakeFiles/cmTryCompileExec4275328069.dir/CheckFunctionExists.c.o   -c /usr/share/cmake-2.8/Modules/CheckFunctionExists.c
Linking C executable cmTryCompileExec4275328069
/usr/bin/cmake -E cmake_link_script CMakeFiles/cmTryCompileExec4275328069.dir/link.txt --verbose=1
/usr/bin/cc   -DCHECK_FUNCTION_EXISTS=pthread_create    CMakeFiles/cmTryCompileExec4275328069.dir/CheckFunctionExists.c.o  -o cmTryCompileExec4275328069 -rdynamic -lpthreads 
/usr/bin/ld: cannot find -lpthreads
collect2: error: ld returned 1 exit status
make[1]: *** [cmTryCompileExec4275328069] Error 1
make[1]: Leaving directory `/home/joemelt101/catkin_ws/build/CMakeFiles/CMakeTmp'
make: *** [cmTryCompileExec4275328069/fast] Error 2


